2023-03-14 18:13:11.727 [main] INFO  org.example.Calculator - [SQ ROOT] - 16.0
2023-03-14 18:13:11.730 [main] INFO  org.example.Calculator - [RESULT - SQ ROOT] - 4.0
2023-03-14 18:13:11.731 [main] INFO  org.example.Calculator - [SQ ROOT] - 1.0
2023-03-14 18:13:11.731 [main] INFO  org.example.Calculator - [RESULT - SQ ROOT] - 1.0
2023-03-14 18:13:11.731 [main] INFO  org.example.Calculator - [SQ ROOT] - 81.0
2023-03-14 18:13:11.732 [main] INFO  org.example.Calculator - [RESULT - SQ ROOT] - 9.0
2023-03-14 18:13:11.732 [main] INFO  org.example.Calculator - [SQ ROOT] - 36.0
2023-03-14 18:13:11.732 [main] INFO  org.example.Calculator - [RESULT - SQ ROOT] - 6.0
2023-03-14 18:13:11.733 [main] INFO  org.example.Calculator - [SQ ROOT] - 3.0
2023-03-14 18:13:11.733 [main] INFO  org.example.Calculator - [RESULT - SQ ROOT] - 1.7320508075688772
2023-03-14 18:13:11.734 [main] INFO  org.example.Calculator - [SQ ROOT] - 4.0
2023-03-14 18:13:11.734 [main] INFO  org.example.Calculator - [RESULT - SQ ROOT] - 2.0
2023-03-14 18:13:11.734 [main] INFO  org.example.Calculator - [SQ ROOT] - 81.0
2023-03-14 18:13:11.735 [main] INFO  org.example.Calculator - [RESULT - SQ ROOT] - 9.0
2023-03-14 18:13:11.735 [main] INFO  org.example.Calculator - [SQ ROOT] - 36.0
2023-03-14 18:13:11.735 [main] INFO  org.example.Calculator - [RESULT - SQ ROOT] - 6.0
2023-03-14 18:13:11.736 [main] INFO  org.example.Calculator - [NATURAL LOG] - 1.0
2023-03-14 18:13:11.737 [main] INFO  org.example.Calculator - [RESULT - NATURAL LOG] - 0.0
2023-03-14 18:13:11.757 [main] INFO  org.example.Calculator - [POWER - 2.0 RAISED TO] 3.0
2023-03-14 18:13:11.758 [main] INFO  org.example.Calculator - [RESULT - POWER] - 8.0
2023-03-14 18:13:11.758 [main] INFO  org.example.Calculator - [POWER - 3.0 RAISED TO] 3.0
2023-03-14 18:13:11.758 [main] INFO  org.example.Calculator - [RESULT - POWER] - 27.0
2023-03-14 18:13:11.758 [main] INFO  org.example.Calculator - [POWER - 4.0 RAISED TO] 3.0
2023-03-14 18:13:11.759 [main] INFO  org.example.Calculator - [RESULT - POWER] - 64.0
2023-03-14 18:13:11.759 [main] INFO  org.example.Calculator - [POWER - 5.0 RAISED TO] 3.0
2023-03-14 18:13:11.759 [main] INFO  org.example.Calculator - [RESULT - POWER] - 125.0
2023-03-14 18:13:11.760 [main] INFO  org.example.Calculator - [POWER - 2.0 RAISED TO] 3.0
2023-03-14 18:13:11.761 [main] INFO  org.example.Calculator - [RESULT - POWER] - 8.0
2023-03-14 18:13:11.761 [main] INFO  org.example.Calculator - [POWER - 1.0 RAISED TO] 3.0
2023-03-14 18:13:11.761 [main] INFO  org.example.Calculator - [RESULT - POWER] - 1.0
2023-03-14 18:13:11.761 [main] INFO  org.example.Calculator - [POWER - 3.0 RAISED TO] 4.0
2023-03-14 18:13:11.762 [main] INFO  org.example.Calculator - [RESULT - POWER] - 81.0
2023-03-14 18:13:11.762 [main] INFO  org.example.Calculator - [POWER - 4.0 RAISED TO] 3.0
2023-03-14 18:13:11.762 [main] INFO  org.example.Calculator - [RESULT - POWER] - 64.0
2023-03-14 18:13:11.762 [main] INFO  org.example.Calculator - [POWER - 5.0 RAISED TO] 2.0
2023-03-14 18:13:11.763 [main] INFO  org.example.Calculator - [RESULT - POWER] - 25.0
2023-03-14 18:13:11.764 [main] INFO  org.example.Calculator - [NATURAL LOG] - 2.4
2023-03-14 18:13:11.764 [main] INFO  org.example.Calculator - [RESULT - NATURAL LOG] - 0.8754687373538999
2023-03-14 18:13:11.764 [main] INFO  org.example.Calculator - [NATURAL LOG] - 2.1
2023-03-14 18:13:11.764 [main] INFO  org.example.Calculator - [RESULT - NATURAL LOG] - 0.7419373447293773
2023-03-14 18:13:28.590 [main] INFO  org.example.Calculator - [SQ ROOT] - 16.0
2023-03-14 18:13:28.593 [main] INFO  org.example.Calculator - [RESULT - SQ ROOT] - 4.0
2023-03-14 18:13:28.594 [main] INFO  org.example.Calculator - [SQ ROOT] - 1.0
2023-03-14 18:13:28.594 [main] INFO  org.example.Calculator - [RESULT - SQ ROOT] - 1.0
2023-03-14 18:13:28.594 [main] INFO  org.example.Calculator - [SQ ROOT] - 81.0
2023-03-14 18:13:28.594 [main] INFO  org.example.Calculator - [RESULT - SQ ROOT] - 9.0
2023-03-14 18:13:28.595 [main] INFO  org.example.Calculator - [SQ ROOT] - 36.0
2023-03-14 18:13:28.595 [main] INFO  org.example.Calculator - [RESULT - SQ ROOT] - 6.0
2023-03-14 18:13:28.596 [main] INFO  org.example.Calculator - [SQ ROOT] - 3.0
2023-03-14 18:13:28.596 [main] INFO  org.example.Calculator - [RESULT - SQ ROOT] - 1.7320508075688772
2023-03-14 18:13:28.596 [main] INFO  org.example.Calculator - [SQ ROOT] - 4.0
2023-03-14 18:13:28.597 [main] INFO  org.example.Calculator - [RESULT - SQ ROOT] - 2.0
2023-03-14 18:13:28.597 [main] INFO  org.example.Calculator - [SQ ROOT] - 81.0
2023-03-14 18:13:28.597 [main] INFO  org.example.Calculator - [RESULT - SQ ROOT] - 9.0
2023-03-14 18:13:28.598 [main] INFO  org.example.Calculator - [SQ ROOT] - 36.0
2023-03-14 18:13:28.598 [main] INFO  org.example.Calculator - [RESULT - SQ ROOT] - 6.0
2023-03-14 18:13:28.599 [main] INFO  org.example.Calculator - [NATURAL LOG] - 1.0
2023-03-14 18:13:28.600 [main] INFO  org.example.Calculator - [RESULT - NATURAL LOG] - 0.0
2023-03-14 18:13:28.611 [main] INFO  org.example.Calculator - [POWER - 2.0 RAISED TO] 3.0
2023-03-14 18:13:28.612 [main] INFO  org.example.Calculator - [RESULT - POWER] - 8.0
2023-03-14 18:13:28.612 [main] INFO  org.example.Calculator - [POWER - 3.0 RAISED TO] 3.0
2023-03-14 18:13:28.612 [main] INFO  org.example.Calculator - [RESULT - POWER] - 27.0
2023-03-14 18:13:28.612 [main] INFO  org.example.Calculator - [POWER - 4.0 RAISED TO] 3.0
2023-03-14 18:13:28.613 [main] INFO  org.example.Calculator - [RESULT - POWER] - 64.0
2023-03-14 18:13:28.613 [main] INFO  org.example.Calculator - [POWER - 5.0 RAISED TO] 3.0
2023-03-14 18:13:28.613 [main] INFO  org.example.Calculator - [RESULT - POWER] - 125.0
2023-03-14 18:13:28.614 [main] INFO  org.example.Calculator - [POWER - 2.0 RAISED TO] 3.0
2023-03-14 18:13:28.614 [main] INFO  org.example.Calculator - [RESULT - POWER] - 8.0
2023-03-14 18:13:28.615 [main] INFO  org.example.Calculator - [POWER - 1.0 RAISED TO] 3.0
2023-03-14 18:13:28.615 [main] INFO  org.example.Calculator - [RESULT - POWER] - 1.0
2023-03-14 18:13:28.615 [main] INFO  org.example.Calculator - [POWER - 3.0 RAISED TO] 4.0
2023-03-14 18:13:28.615 [main] INFO  org.example.Calculator - [RESULT - POWER] - 81.0
2023-03-14 18:13:28.615 [main] INFO  org.example.Calculator - [POWER - 4.0 RAISED TO] 3.0
2023-03-14 18:13:28.616 [main] INFO  org.example.Calculator - [RESULT - POWER] - 64.0
2023-03-14 18:13:28.616 [main] INFO  org.example.Calculator - [POWER - 5.0 RAISED TO] 2.0
2023-03-14 18:13:28.616 [main] INFO  org.example.Calculator - [RESULT - POWER] - 25.0
2023-03-14 18:13:28.617 [main] INFO  org.example.Calculator - [NATURAL LOG] - 2.4
2023-03-14 18:13:28.617 [main] INFO  org.example.Calculator - [RESULT - NATURAL LOG] - 0.8754687373538999
2023-03-14 18:13:28.617 [main] INFO  org.example.Calculator - [NATURAL LOG] - 2.1
2023-03-14 18:13:28.618 [main] INFO  org.example.Calculator - [RESULT - NATURAL LOG] - 0.7419373447293773
2023-03-14 18:28:50.364 [main] INFO  org.example.Calculator - [SQ ROOT] - 16.0
2023-03-14 18:28:50.367 [main] INFO  org.example.Calculator - [RESULT - SQ ROOT] - 4.0
2023-03-14 18:28:50.367 [main] INFO  org.example.Calculator - [SQ ROOT] - 1.0
2023-03-14 18:28:50.367 [main] INFO  org.example.Calculator - [RESULT - SQ ROOT] - 1.0
2023-03-14 18:28:50.367 [main] INFO  org.example.Calculator - [SQ ROOT] - 81.0
2023-03-14 18:28:50.368 [main] INFO  org.example.Calculator - [RESULT - SQ ROOT] - 9.0
2023-03-14 18:28:50.368 [main] INFO  org.example.Calculator - [SQ ROOT] - 36.0
2023-03-14 18:28:50.368 [main] INFO  org.example.Calculator - [RESULT - SQ ROOT] - 6.0
2023-03-14 18:28:50.369 [main] INFO  org.example.Calculator - [SQ ROOT] - 3.0
2023-03-14 18:28:50.369 [main] INFO  org.example.Calculator - [RESULT - SQ ROOT] - 1.7320508075688772
2023-03-14 18:28:50.369 [main] INFO  org.example.Calculator - [SQ ROOT] - 4.0
2023-03-14 18:28:50.369 [main] INFO  org.example.Calculator - [RESULT - SQ ROOT] - 2.0
2023-03-14 18:28:50.370 [main] INFO  org.example.Calculator - [SQ ROOT] - 81.0
2023-03-14 18:28:50.370 [main] INFO  org.example.Calculator - [RESULT - SQ ROOT] - 9.0
2023-03-14 18:28:50.370 [main] INFO  org.example.Calculator - [SQ ROOT] - 36.0
2023-03-14 18:28:50.370 [main] INFO  org.example.Calculator - [RESULT - SQ ROOT] - 6.0
2023-03-14 18:28:50.371 [main] INFO  org.example.Calculator - [NATURAL LOG] - 1.0
2023-03-14 18:28:50.372 [main] INFO  org.example.Calculator - [RESULT - NATURAL LOG] - 0.0
2023-03-14 18:28:50.380 [main] INFO  org.example.Calculator - [POWER - 2.0 RAISED TO] 3.0
2023-03-14 18:28:50.380 [main] INFO  org.example.Calculator - [RESULT - POWER] - 8.0
2023-03-14 18:28:50.380 [main] INFO  org.example.Calculator - [POWER - 3.0 RAISED TO] 3.0
2023-03-14 18:28:50.381 [main] INFO  org.example.Calculator - [RESULT - POWER] - 27.0
2023-03-14 18:28:50.381 [main] INFO  org.example.Calculator - [POWER - 4.0 RAISED TO] 3.0
2023-03-14 18:28:50.381 [main] INFO  org.example.Calculator - [RESULT - POWER] - 64.0
2023-03-14 18:28:50.381 [main] INFO  org.example.Calculator - [POWER - 5.0 RAISED TO] 3.0
2023-03-14 18:28:50.382 [main] INFO  org.example.Calculator - [RESULT - POWER] - 125.0
2023-03-14 18:28:50.382 [main] INFO  org.example.Calculator - [POWER - 2.0 RAISED TO] 3.0
2023-03-14 18:28:50.382 [main] INFO  org.example.Calculator - [RESULT - POWER] - 8.0
2023-03-14 18:28:50.383 [main] INFO  org.example.Calculator - [POWER - 1.0 RAISED TO] 3.0
2023-03-14 18:28:50.383 [main] INFO  org.example.Calculator - [RESULT - POWER] - 1.0
2023-03-14 18:28:50.383 [main] INFO  org.example.Calculator - [POWER - 3.0 RAISED TO] 4.0
2023-03-14 18:28:50.384 [main] INFO  org.example.Calculator - [RESULT - POWER] - 81.0
2023-03-14 18:28:50.384 [main] INFO  org.example.Calculator - [POWER - 4.0 RAISED TO] 3.0
2023-03-14 18:28:50.384 [main] INFO  org.example.Calculator - [RESULT - POWER] - 64.0
2023-03-14 18:28:50.384 [main] INFO  org.example.Calculator - [POWER - 5.0 RAISED TO] 2.0
2023-03-14 18:28:50.385 [main] INFO  org.example.Calculator - [RESULT - POWER] - 25.0
2023-03-14 18:28:50.385 [main] INFO  org.example.Calculator - [NATURAL LOG] - 2.4
2023-03-14 18:28:50.386 [main] INFO  org.example.Calculator - [RESULT - NATURAL LOG] - 0.8754687373538999
2023-03-14 18:28:50.386 [main] INFO  org.example.Calculator - [NATURAL LOG] - 2.1
2023-03-14 18:28:50.386 [main] INFO  org.example.Calculator - [RESULT - NATURAL LOG] - 0.7419373447293773
2023-03-14 18:47:28.008 [main] INFO  org.example.Calculator - [SQ ROOT] - 16.0
2023-03-14 18:47:28.012 [main] INFO  org.example.Calculator - [RESULT - SQ ROOT] - 4.0
2023-03-14 18:47:28.012 [main] INFO  org.example.Calculator - [SQ ROOT] - 1.0
2023-03-14 18:47:28.012 [main] INFO  org.example.Calculator - [RESULT - SQ ROOT] - 1.0
2023-03-14 18:47:28.013 [main] INFO  org.example.Calculator - [SQ ROOT] - 81.0
2023-03-14 18:47:28.013 [main] INFO  org.example.Calculator - [RESULT - SQ ROOT] - 9.0
2023-03-14 18:47:28.013 [main] INFO  org.example.Calculator - [SQ ROOT] - 36.0
2023-03-14 18:47:28.014 [main] INFO  org.example.Calculator - [RESULT - SQ ROOT] - 6.0
2023-03-14 18:47:28.014 [main] INFO  org.example.Calculator - [SQ ROOT] - 3.0
2023-03-14 18:47:28.015 [main] INFO  org.example.Calculator - [RESULT - SQ ROOT] - 1.7320508075688772
2023-03-14 18:47:28.015 [main] INFO  org.example.Calculator - [SQ ROOT] - 4.0
2023-03-14 18:47:28.015 [main] INFO  org.example.Calculator - [RESULT - SQ ROOT] - 2.0
2023-03-14 18:47:28.016 [main] INFO  org.example.Calculator - [SQ ROOT] - 81.0
2023-03-14 18:47:28.016 [main] INFO  org.example.Calculator - [RESULT - SQ ROOT] - 9.0
2023-03-14 18:47:28.016 [main] INFO  org.example.Calculator - [SQ ROOT] - 36.0
2023-03-14 18:47:28.017 [main] INFO  org.example.Calculator - [RESULT - SQ ROOT] - 6.0
2023-03-14 18:47:28.029 [main] INFO  org.example.Calculator - [NATURAL LOG] - 1.0
2023-03-14 18:47:28.030 [main] INFO  org.example.Calculator - [RESULT - NATURAL LOG] - 0.0
2023-03-14 18:47:28.042 [main] INFO  org.example.Calculator - [POWER - 2.0 RAISED TO] 3.0
2023-03-14 18:47:28.043 [main] INFO  org.example.Calculator - [RESULT - POWER] - 8.0
2023-03-14 18:47:28.043 [main] INFO  org.example.Calculator - [POWER - 3.0 RAISED TO] 3.0
2023-03-14 18:47:28.044 [main] INFO  org.example.Calculator - [RESULT - POWER] - 27.0
2023-03-14 18:47:28.044 [main] INFO  org.example.Calculator - [POWER - 4.0 RAISED TO] 3.0
2023-03-14 18:47:28.044 [main] INFO  org.example.Calculator - [RESULT - POWER] - 64.0
2023-03-14 18:47:28.044 [main] INFO  org.example.Calculator - [POWER - 5.0 RAISED TO] 3.0
2023-03-14 18:47:28.045 [main] INFO  org.example.Calculator - [RESULT - POWER] - 125.0
2023-03-14 18:47:28.046 [main] INFO  org.example.Calculator - [POWER - 2.0 RAISED TO] 3.0
2023-03-14 18:47:28.046 [main] INFO  org.example.Calculator - [RESULT - POWER] - 8.0
2023-03-14 18:47:28.046 [main] INFO  org.example.Calculator - [POWER - 1.0 RAISED TO] 3.0
2023-03-14 18:47:28.047 [main] INFO  org.example.Calculator - [RESULT - POWER] - 1.0
2023-03-14 18:47:28.047 [main] INFO  org.example.Calculator - [POWER - 3.0 RAISED TO] 4.0
2023-03-14 18:47:28.047 [main] INFO  org.example.Calculator - [RESULT - POWER] - 81.0
2023-03-14 18:47:28.047 [main] INFO  org.example.Calculator - [POWER - 4.0 RAISED TO] 3.0
2023-03-14 18:47:28.047 [main] INFO  org.example.Calculator - [RESULT - POWER] - 64.0
2023-03-14 18:47:28.048 [main] INFO  org.example.Calculator - [POWER - 5.0 RAISED TO] 2.0
2023-03-14 18:47:28.048 [main] INFO  org.example.Calculator - [RESULT - POWER] - 25.0
2023-03-14 18:47:28.049 [main] INFO  org.example.Calculator - [NATURAL LOG] - 2.4
2023-03-14 18:47:28.049 [main] INFO  org.example.Calculator - [RESULT - NATURAL LOG] - 0.8754687373538999
2023-03-14 18:47:28.049 [main] INFO  org.example.Calculator - [NATURAL LOG] - 2.1
2023-03-14 18:47:28.050 [main] INFO  org.example.Calculator - [RESULT - NATURAL LOG] - 0.7419373447293773
2023-03-15 21:26:23.372 [main] INFO  org.example.Calculator - [SQ ROOT] - 16.0
2023-03-15 21:26:23.376 [main] INFO  org.example.Calculator - [RESULT - SQ ROOT] - 4.0
2023-03-15 21:26:23.377 [main] INFO  org.example.Calculator - [SQ ROOT] - 1.0
2023-03-15 21:26:23.377 [main] INFO  org.example.Calculator - [RESULT - SQ ROOT] - 1.0
2023-03-15 21:26:23.377 [main] INFO  org.example.Calculator - [SQ ROOT] - 81.0
2023-03-15 21:26:23.377 [main] INFO  org.example.Calculator - [RESULT - SQ ROOT] - 9.0
2023-03-15 21:26:23.378 [main] INFO  org.example.Calculator - [SQ ROOT] - 36.0
2023-03-15 21:26:23.378 [main] INFO  org.example.Calculator - [RESULT - SQ ROOT] - 6.0
2023-03-15 21:26:23.379 [main] INFO  org.example.Calculator - [SQ ROOT] - 3.0
2023-03-15 21:26:23.379 [main] INFO  org.example.Calculator - [RESULT - SQ ROOT] - 1.7320508075688772
2023-03-15 21:26:23.379 [main] INFO  org.example.Calculator - [SQ ROOT] - 4.0
2023-03-15 21:26:23.380 [main] INFO  org.example.Calculator - [RESULT - SQ ROOT] - 2.0
2023-03-15 21:26:23.380 [main] INFO  org.example.Calculator - [SQ ROOT] - 81.0
2023-03-15 21:26:23.380 [main] INFO  org.example.Calculator - [RESULT - SQ ROOT] - 9.0
2023-03-15 21:26:23.380 [main] INFO  org.example.Calculator - [SQ ROOT] - 36.0
2023-03-15 21:26:23.381 [main] INFO  org.example.Calculator - [RESULT - SQ ROOT] - 6.0
2023-03-15 21:26:23.382 [main] INFO  org.example.Calculator - [NATURAL LOG] - 1.0
2023-03-15 21:26:23.383 [main] INFO  org.example.Calculator - [RESULT - NATURAL LOG] - 0.0
2023-03-15 21:26:23.397 [main] INFO  org.example.Calculator - [POWER - 2.0 RAISED TO] 3.0
2023-03-15 21:26:23.398 [main] INFO  org.example.Calculator - [RESULT - POWER] - 8.0
2023-03-15 21:26:23.398 [main] INFO  org.example.Calculator - [POWER - 3.0 RAISED TO] 3.0
2023-03-15 21:26:23.398 [main] INFO  org.example.Calculator - [RESULT - POWER] - 27.0
2023-03-15 21:26:23.399 [main] INFO  org.example.Calculator - [POWER - 4.0 RAISED TO] 3.0
2023-03-15 21:26:23.399 [main] INFO  org.example.Calculator - [RESULT - POWER] - 64.0
2023-03-15 21:26:23.399 [main] INFO  org.example.Calculator - [POWER - 5.0 RAISED TO] 3.0
2023-03-15 21:26:23.399 [main] INFO  org.example.Calculator - [RESULT - POWER] - 125.0
2023-03-15 21:26:23.401 [main] INFO  org.example.Calculator - [POWER - 2.0 RAISED TO] 3.0
2023-03-15 21:26:23.401 [main] INFO  org.example.Calculator - [RESULT - POWER] - 8.0
2023-03-15 21:26:23.402 [main] INFO  org.example.Calculator - [POWER - 1.0 RAISED TO] 3.0
2023-03-15 21:26:23.402 [main] INFO  org.example.Calculator - [RESULT - POWER] - 1.0
2023-03-15 21:26:23.402 [main] INFO  org.example.Calculator - [POWER - 3.0 RAISED TO] 4.0
2023-03-15 21:26:23.402 [main] INFO  org.example.Calculator - [RESULT - POWER] - 81.0
2023-03-15 21:26:23.403 [main] INFO  org.example.Calculator - [POWER - 4.0 RAISED TO] 3.0
2023-03-15 21:26:23.403 [main] INFO  org.example.Calculator - [RESULT - POWER] - 64.0
2023-03-15 21:26:23.403 [main] INFO  org.example.Calculator - [POWER - 5.0 RAISED TO] 2.0
2023-03-15 21:26:23.403 [main] INFO  org.example.Calculator - [RESULT - POWER] - 25.0
2023-03-15 21:26:23.404 [main] INFO  org.example.Calculator - [NATURAL LOG] - 2.4
2023-03-15 21:26:23.404 [main] INFO  org.example.Calculator - [RESULT - NATURAL LOG] - 0.8754687373538999
2023-03-15 21:26:23.404 [main] INFO  org.example.Calculator - [NATURAL LOG] - 2.1
2023-03-15 21:26:23.405 [main] INFO  org.example.Calculator - [RESULT - NATURAL LOG] - 0.7419373447293773
2023-03-15 21:28:29.967 [main] INFO  org.example.Calculator - [SQ ROOT] - 16.0
2023-03-15 21:28:29.970 [main] INFO  org.example.Calculator - [RESULT - SQ ROOT] - 4.0
2023-03-15 21:28:29.971 [main] INFO  org.example.Calculator - [SQ ROOT] - 1.0
2023-03-15 21:28:29.971 [main] INFO  org.example.Calculator - [RESULT - SQ ROOT] - 1.0
2023-03-15 21:28:29.971 [main] INFO  org.example.Calculator - [SQ ROOT] - 81.0
2023-03-15 21:28:29.972 [main] INFO  org.example.Calculator - [RESULT - SQ ROOT] - 9.0
2023-03-15 21:28:29.972 [main] INFO  org.example.Calculator - [SQ ROOT] - 36.0
2023-03-15 21:28:29.972 [main] INFO  org.example.Calculator - [RESULT - SQ ROOT] - 6.0
2023-03-15 21:28:29.973 [main] INFO  org.example.Calculator - [SQ ROOT] - 3.0
2023-03-15 21:28:29.974 [main] INFO  org.example.Calculator - [RESULT - SQ ROOT] - 1.7320508075688772
2023-03-15 21:28:29.974 [main] INFO  org.example.Calculator - [SQ ROOT] - 4.0
2023-03-15 21:28:29.974 [main] INFO  org.example.Calculator - [RESULT - SQ ROOT] - 2.0
2023-03-15 21:28:29.975 [main] INFO  org.example.Calculator - [SQ ROOT] - 81.0
2023-03-15 21:28:29.975 [main] INFO  org.example.Calculator - [RESULT - SQ ROOT] - 9.0
2023-03-15 21:28:29.975 [main] INFO  org.example.Calculator - [SQ ROOT] - 36.0
2023-03-15 21:28:29.975 [main] INFO  org.example.Calculator - [RESULT - SQ ROOT] - 6.0
2023-03-15 21:28:29.976 [main] INFO  org.example.Calculator - [NATURAL LOG] - 1.0
2023-03-15 21:28:29.977 [main] INFO  org.example.Calculator - [RESULT - NATURAL LOG] - 0.0
2023-03-15 21:28:29.985 [main] INFO  org.example.Calculator - [POWER - 2.0 RAISED TO] 3.0
2023-03-15 21:28:29.985 [main] INFO  org.example.Calculator - [RESULT - POWER] - 8.0
2023-03-15 21:28:29.986 [main] INFO  org.example.Calculator - [POWER - 3.0 RAISED TO] 3.0
2023-03-15 21:28:29.986 [main] INFO  org.example.Calculator - [RESULT - POWER] - 27.0
2023-03-15 21:28:29.986 [main] INFO  org.example.Calculator - [POWER - 4.0 RAISED TO] 3.0
2023-03-15 21:28:29.986 [main] INFO  org.example.Calculator - [RESULT - POWER] - 64.0
2023-03-15 21:28:29.987 [main] INFO  org.example.Calculator - [POWER - 5.0 RAISED TO] 3.0
2023-03-15 21:28:29.987 [main] INFO  org.example.Calculator - [RESULT - POWER] - 125.0
2023-03-15 21:28:29.988 [main] INFO  org.example.Calculator - [POWER - 2.0 RAISED TO] 3.0
2023-03-15 21:28:29.988 [main] INFO  org.example.Calculator - [RESULT - POWER] - 8.0
2023-03-15 21:28:29.988 [main] INFO  org.example.Calculator - [POWER - 1.0 RAISED TO] 3.0
2023-03-15 21:28:29.989 [main] INFO  org.example.Calculator - [RESULT - POWER] - 1.0
2023-03-15 21:28:29.989 [main] INFO  org.example.Calculator - [POWER - 3.0 RAISED TO] 4.0
2023-03-15 21:28:29.989 [main] INFO  org.example.Calculator - [RESULT - POWER] - 81.0
2023-03-15 21:28:29.990 [main] INFO  org.example.Calculator - [POWER - 4.0 RAISED TO] 3.0
2023-03-15 21:28:29.990 [main] INFO  org.example.Calculator - [RESULT - POWER] - 64.0
2023-03-15 21:28:29.990 [main] INFO  org.example.Calculator - [POWER - 5.0 RAISED TO] 2.0
2023-03-15 21:28:29.990 [main] INFO  org.example.Calculator - [RESULT - POWER] - 25.0
2023-03-15 21:28:29.991 [main] INFO  org.example.Calculator - [NATURAL LOG] - 2.4
2023-03-15 21:28:29.991 [main] INFO  org.example.Calculator - [RESULT - NATURAL LOG] - 0.8754687373538999
2023-03-15 21:28:29.991 [main] INFO  org.example.Calculator - [NATURAL LOG] - 2.1
2023-03-15 21:28:29.992 [main] INFO  org.example.Calculator - [RESULT - NATURAL LOG] - 0.7419373447293773
